<?xml version="1.0" encoding="UTF-8"?>
<!-- Generated by org.testng.reporters.JUnitReportReporter -->
<testsuite hostname="DESKTOP-2EBG5VM" failures="0" tests="1" name="com.basiccodes.TestBasics" time="18.404" errors="0" timestamp="28 Apr 2020 08:58:15 GMT" skipped="0">
  <testcase classname="com.basiccodes.TestBasics" name="verifyPageTitleTest" time="18.404"/>
</testsuite> <!-- com.basiccodes.TestBasics -->
